c:\users\james\source\repos\cppcoursework2018\debug\courseworkbase2018.bsc
c:\users\james\source\repos\cppcoursework2018\debug\vc141.pdb
c:\users\james\source\repos\cppcoursework2018\debug\demoamain.sbr
c:\users\james\source\repos\cppcoursework2018\debug\demobobject.sbr
c:\users\james\source\repos\cppcoursework2018\debug\demobobject2.sbr
c:\users\james\source\repos\cppcoursework2018\debug\mainfunction.sbr
c:\users\james\source\repos\cppcoursework2018\debug\baseengine.sbr
c:\users\james\source\repos\cppcoursework2018\debug\displayableobject.sbr
c:\users\james\source\repos\cppcoursework2018\debug\fontmanager.sbr
c:\users\james\source\repos\cppcoursework2018\debug\jpgimage.sbr
c:\users\james\source\repos\cppcoursework2018\debug\psyjsmorborder.sbr
c:\users\james\source\repos\cppcoursework2018\debug\psyjsmorengine.sbr
c:\users\james\source\repos\cppcoursework2018\debug\psyjsmorheader.sbr
c:\users\james\source\repos\cppcoursework2018\debug\psyjsmortilemanager.sbr
c:\users\james\source\repos\cppcoursework2018\debug\simpledemo.sbr
c:\users\james\source\repos\cppcoursework2018\debug\tilemanager.sbr
c:\users\james\source\repos\cppcoursework2018\debug\bouncingball.sbr
c:\users\james\source\repos\cppcoursework2018\debug\bouncingballmain.sbr
c:\users\james\source\repos\cppcoursework2018\debug\demo1main.sbr
c:\users\james\source\repos\cppcoursework2018\debug\demo2main.sbr
c:\users\james\source\repos\cppcoursework2018\debug\demo2object.sbr
c:\users\james\source\repos\cppcoursework2018\debug\demo2tilemanager.sbr
c:\users\james\source\repos\cppcoursework2018\debug\demo2tilemanager.obj
c:\users\james\source\repos\cppcoursework2018\debug\demo2object.obj
c:\users\james\source\repos\cppcoursework2018\debug\demo2main.obj
c:\users\james\source\repos\cppcoursework2018\debug\demo1main.obj
c:\users\james\source\repos\cppcoursework2018\debug\bouncingballmain.obj
c:\users\james\source\repos\cppcoursework2018\debug\bouncingball.obj
c:\users\james\source\repos\cppcoursework2018\debug\tilemanager.obj
c:\users\james\source\repos\cppcoursework2018\debug\simpledemo.obj
c:\users\james\source\repos\cppcoursework2018\debug\psyjsmortilemanager.obj
c:\users\james\source\repos\cppcoursework2018\debug\psyjsmorheader.obj
c:\users\james\source\repos\cppcoursework2018\debug\psyjsmorborder.obj
c:\users\james\source\repos\cppcoursework2018\debug\jpgimage.obj
c:\users\james\source\repos\cppcoursework2018\debug\fontmanager.obj
c:\users\james\source\repos\cppcoursework2018\debug\displayableobject.obj
c:\users\james\source\repos\cppcoursework2018\debug\baseengine.obj
c:\users\james\source\repos\cppcoursework2018\debug\mainfunction.obj
c:\users\james\source\repos\cppcoursework2018\debug\demobobject2.obj
c:\users\james\source\repos\cppcoursework2018\debug\demobobject.obj
c:\users\james\source\repos\cppcoursework2018\debug\demoamain.obj
c:\users\james\source\repos\cppcoursework2018\debug\demo3main.sbr
c:\users\james\source\repos\cppcoursework2018\debug\demo3object.sbr
c:\users\james\source\repos\cppcoursework2018\debug\demo3objectfinished.sbr
c:\users\james\source\repos\cppcoursework2018\debug\demo3tilemanager.sbr
c:\users\james\source\repos\cppcoursework2018\debug\demo4main.sbr
c:\users\james\source\repos\cppcoursework2018\debug\demo4object.sbr
c:\users\james\source\repos\cppcoursework2018\debug\demo4tilemanager.sbr
c:\users\james\source\repos\cppcoursework2018\debug\demo4tilemanager.obj
c:\users\james\source\repos\cppcoursework2018\debug\demo4object.obj
c:\users\james\source\repos\cppcoursework2018\debug\demo4main.obj
c:\users\james\source\repos\cppcoursework2018\debug\demo3tilemanager.obj
c:\users\james\source\repos\cppcoursework2018\debug\demo3objectfinished.obj
c:\users\james\source\repos\cppcoursework2018\debug\demo3object.obj
c:\users\james\source\repos\cppcoursework2018\debug\demo3main.obj
c:\users\james\source\repos\cppcoursework2018\debug\
c:\users\james\source\repos\cppcoursework2018\debug\psyjsmorengine.obj
c:\users\james\source\repos\cppcoursework2018\debug\psyjsmorplayer.sbr
c:\users\james\source\repos\cppcoursework2018\debug\psyjsmorplayer.obj
c:\users\james\source\repos\cppcoursework2018\debug\psyjsmorfood.sbr
c:\users\james\source\repos\cppcoursework2018\debug\psyjsmorfood.obj
c:\users\james\source\repos\cppcoursework2018\debug\courseworkbase2018.exe
c:\users\james\source\repos\cppcoursework2018\debug\courseworkbase2018.ilk
c:\users\james\source\repos\cppcoursework2018\src\map
c:\users\james\source\repos\cppcoursework2018\debug\courseworkbase2018.pdb
c:\users\james\source\repos\cppcoursework2018\/debug\courseworkbase2018.pdb
c:\users\james\source\repos\cppcoursework2018\/debug\courseworkbase2018.exe
c:\users\james\source\repos\cppcoursework2018\/debug\courseworkbase2018.bsc
c:\users\james\source\repos\cppcoursework2018\/debug\courseworkbase2018.ilk
c:\users\james\source\repos\cppcoursework2018\debug\coursewo.63f64093.tlog\bscmake.command.1.tlog
c:\users\james\source\repos\cppcoursework2018\debug\coursewo.63f64093.tlog\bscmake.read.1.tlog
c:\users\james\source\repos\cppcoursework2018\debug\coursewo.63f64093.tlog\bscmake.write.1.tlog
c:\users\james\source\repos\cppcoursework2018\debug\coursewo.63f64093.tlog\cl.command.1.tlog
c:\users\james\source\repos\cppcoursework2018\debug\coursewo.63f64093.tlog\cl.read.1.tlog
c:\users\james\source\repos\cppcoursework2018\debug\coursewo.63f64093.tlog\cl.write.1.tlog
c:\users\james\source\repos\cppcoursework2018\debug\coursewo.63f64093.tlog\link.command.1.tlog
c:\users\james\source\repos\cppcoursework2018\debug\coursewo.63f64093.tlog\link.read.1.tlog
c:\users\james\source\repos\cppcoursework2018\debug\coursewo.63f64093.tlog\link.write.1.tlog
